MPASM  5.51                           CAD.ASM   5-12-2020  19:53:46         PAGE  1


LOC  OBJECT CODE     LINE SOURCE TEXT
  VALUE

                      00001 ;####################################################################################################
                      00002 ;#                                                                                                  #
                      00003 ;#  Programa que lee una señal analógica en el canal cero del convertidor analógico digital(AN0).   #
                      00004 ;#  Cuando el voltaje de entrada supera los 3.5[V] se enciende un el pin RB0 y se envía por la      #
                      00005 ;#  terminal serial el mensaje "arriba", cuando el voltaje es menor o igual a 3.5[V] se apaga el    #
                      00006 ;#  pin RB0 y se envía el mensaje "abajo".                                                          #
                      00007 ;#                                                                                                  #
                      00008 ;####################################################################################################
                      00009 
                      00010       #INCLUDE <P16F886.INC>
                      00001         LIST
                      00002 
                      00003 ;==========================================================================
                      00004 ;  MPASM PIC16F886 processor include
                      00005 ; 
                      00006 ;  (c) Copyright 1999-2013 Microchip Technology, All rights reserved
                      00007 ;==========================================================================
                      00008 
Message[301]: MESSAGE: (Processor-header file mismatch.  Verify selected processor.)
                      00778         LIST
0000                  00011       ORG 0
0005                  00012       ORG 5
                      00013 
Warning[207]: Found label after column 1. (VALOR)
  00000020            00014       VALOR EQU 0x20
Warning[207]: Found label after column 1. (apuntador)
  00000021            00015       apuntador EQU 0x21
Warning[207]: Found label after column 1. (tam)
  00000023            00016       tam EQU 0x23
                      00017 
Warning[207]: Found label after column 1. (DCounter1)
  0000000C            00018       DCounter1 EQU 0X0C
Warning[207]: Found label after column 1. (DCounter2)
  0000000D            00019       DCounter2 EQU 0X0D
Warning[207]: Found label after column 1. (DCounter3)
  0000000E            00020       DCounter3 EQU 0X0E
Warning[207]: Found label after column 1. (DCounter4)
  0000000C            00021       DCounter4 EQU 0X0C
                      00022 
                      00023 
                      00024             CBLOCK 0x24
  00000024            00025                d1
  00000025            00026                d2
  00000026            00027                d3
  00000027            00028          d4
                      00029             ENDC
                      00030 
0005   202D           00031       CALL CONFIG_USART
                      00032       ;--------------------------------------------------------------------Configuración del puerto B
0006   1683           00033       BSF STATUS,RP0                    ;Pasamos al banco 1 donde se encuentran los TRIS
Message[302]: Register in operand not in bank 0.  Ensure that bank bits are correct.
0007   0186           00034       CLRF TRISB          ;El pin RB0 será salida
Message[302]: Register in operand not in bank 0.  Ensure that bank bits are correct.
MPASM  5.51                           CAD.ASM   5-12-2020  19:53:46         PAGE  2


LOC  OBJECT CODE     LINE SOURCE TEXT
  VALUE

0008   1405           00035       BSF TRISA,0                               ;Configura como entrada el pin RA0
                      00036       ;----------------------------------------------------------------------------------------------
                      00037       ;-------------------------------------------------------------------------Configuración del CAD
Message[302]: Register in operand not in bank 0.  Ensure that bank bits are correct.
0009   019F           00038       CLRF ADCON1         ;Los voltajes de referencia serán internos y se usa justificación izquierda
000A   1703           00039       BSF STATUS,RP1                    ;Banco 3
Message[302]: Register in operand not in bank 0.  Ensure that bank bits are correct.
000B   1408           00040       BSF ANSEL,ANS0                    ;Configura el pin RA0 como entrada analógica
Message[302]: Register in operand not in bank 0.  Ensure that bank bits are correct.
000C   0189           00041       CLRF ANSELH
000D   1283           00042       BCF STATUS,RP0                    ;
000E   1303           00043       BCF STATUS,RP1      ;Banco 0
000F   3041           00044       MOVLW 0x41                                        ;0100 0001 -> Selecciona el canal AN0, reloj de 
                            conversión Fosc/8
0010   009F           00045       MOVWF ADCON0                              ;y enciende el convertidor
                      00046       ;----------------------------------------------------------------------------------------------
                      00047       ;-----------------------------------------------------------------------------Sección principal
0011                  00048 MAIN:
0011   01A1           00049       CLRF apuntador
0012   2053           00050       CALL DELAY_20_us          ;Espera tiempo de adquisición
0013   149F           00051       BSF ADCON0,GO_NOT_DONE      ;Con GO/DONE=1 se toma la muestra e inicia la conversión
0014                  00052 ESP:
0014   189F           00053       BTFSC ADCON0,GO_NOT_DONE  ;Espera a que termine la conversión (GO/DONE=0);
0015   2814           00054       GOTO ESP
                      00055 
0016   081E           00056       MOVF ADRESH,W             ;Mueve W <- ADRESH
0017   00A0           00057       MOVWF VALOR
Warning[202]: Argument out of range.  Least significant bits used.
0018   30CC           00058       MOVLW .716                ;716 para 3.5 V
Message[305]: Using default destination of 1 (file).
0019   02A0           00059       SUBWF VALOR
001A   1C03           00060       BTFSS STATUS,C            ;¿A >= B? ¿C = 1?
001B   281F           00061       GOTO MENOR_IGUAL
                      00062 
001C                  00063 MAYOR_IGUAL:
001C   1903           00064       BTFSC STATUS,Z            ;Ahora prueba ¿A > B? ¿Z = 0?
001D   281F           00065       GOTO MENOR_IGUAL
001E   2826           00066       GOTO MAYOR
                      00067 
001F                  00068 MENOR_IGUAL:
001F   1006           00069       BCF PORTB,0               ;Apagar el bit B0
                      00070 
0020   3006           00071       MOVLW 6
0021   00A3           00072       MOVWF tam
0022   0BA3           00073       DECFSZ tam,f
0023   204A           00074       CALL PALABRA_MENOR
0024   2058           00075       CALL DELAY_500_ms
0025   2811           00076       GOTO MAIN
                      00077 
0026                  00078 MAYOR:
0026   1406           00079       BSF PORTB,0               ;Encender el bit B0
0027   3007           00080       MOVLW 7
0028   00A3           00081       MOVWF tam
MPASM  5.51                           CAD.ASM   5-12-2020  19:53:46         PAGE  3


LOC  OBJECT CODE     LINE SOURCE TEXT
  VALUE

0029   0BA3           00082       DECFSZ tam,f
002A   2040           00083       CALL PALABRA_MAYOR
002B   2058           00084       CALL DELAY_500_ms
002C   2811           00085       GOTO MAIN
                      00086       ;----------------------------------------------------------------------------------------------
                      00087       ;---------------------------Subrutina que inicializa el puerto serial y habilita la transmisión
002D                  00088 CONFIG_USART
                      00089       ;-Para 9600 Bauds con Fosc = 4 Mhz -> BRGH = 1, BRG16 = 0, SYNC = 0, SPRGH = 0x00 , SPRG = 0x19
002D   1683           00090         BSF STATUS,RP0                  ;Pasamos al banco 1
Message[302]: Register in operand not in bank 0.  Ensure that bank bits are correct.
002E   1518           00091       BSF TXSTA,BRGH                    ;Pone el bit BRGH = 1
002F   3019           00092       MOVLW 0x19                            ;Carga un 0x19 = 0001 1001 en SPRG
Message[302]: Register in operand not in bank 0.  Ensure that bank bits are correct.
0030   0099           00093       MOVWF SPBRG                         ;
Message[302]: Register in operand not in bank 0.  Ensure that bank bits are correct.
0031   019A           00094       CLRF SPBRGH                       ;Limpia SPRGH, que es equivalente a SPRGH <- 0x00
Message[302]: Register in operand not in bank 0.  Ensure that bank bits are correct.
0032   1218           00095       BCF TXSTA,SYNC                    ;Limpia el bit SYNC (Indica modo asíncrono)
0033   1703           00096       BSF STATUS,RP1                    ;Pasamos al banco 3
Message[302]: Register in operand not in bank 0.  Ensure that bank bits are correct.
0034   1187           00097       BCF BAUDCTL,BRG16         ;El bit BRG16 se pone a 0
                      00098       ;----------------------------------------------------------------------------------------------
                      00099       ;-----------------------------------------------------Habilita el puerto serie y la transmisión
0035   1303           00100       BCF STATUS,RP1                    ;Volvemos al banco 1
Message[302]: Register in operand not in bank 0.  Ensure that bank bits are correct.
0036   1698           00101       BSF TXSTA,TXEN                    ;Pone bit TXEN = 1 (Habilita transmisión)}
0037   1283           00102       BCF STATUS,RP0                    ;Regresa al banco 0
0038   1798           00103       BSF RCSTA,SPEN                    ;Pone bit SPEN=1 (Habilita puerto serie)
                      00104       ;----------------------------------------------------------------------------------------------
0039   0008           00105       RETURN
                      00106       ;--------Subrutina para transmitir un caracter (El caracter a transmitir debe encontrarse en W)
003A                  00107 TRANSMITE:
003A   1683           00108       BSF STATUS,RP0         ;Se mueve al banco 1
003B                  00109 ESPERA:
Message[302]: Register in operand not in bank 0.  Ensure that bank bits are correct.
003B   1C98           00110       BTFSS TXSTA,TRMT     ;Checa el buffer de transmisión
003C   283B           00111       GOTO ESPERA                          ;Si esta ocupado, espera
003D   1283           00112       BCF STATUS,RP0                     ;Regresa al banco 0
003E   0099           00113       MOVWF TXREG                          ;Lo envía
003F   0008           00114       RETURN                                   ;Regresa a recepción
                      00115       ;----------------------------------------------------------------------------------------------
                      00116       ;---------------------------------------------------------------Subrutina que envía una palabra
0040                  00117 PALABRA_MAYOR:
0040   0821           00118       MOVF apuntador,W           ;Carga apuntador en W
0041   0782           00119       ADDWF PCL,1                          ;Salta W instrucciones adelante
0042   3461 3472 3472 00120       DT "arriba"
       3469 3462 3461 
0048   0AA1           00121       INCF apuntador,F
0049   0008           00122       RETURN
                      00123 
004A                  00124 PALABRA_MENOR:
004A   0821           00125       MOVF apuntador,W           ;Carga apuntador en W
004B   0782           00126       ADDWF PCL,1                          ;Salta W instrucciones adelante
MPASM  5.51                           CAD.ASM   5-12-2020  19:53:46         PAGE  4


LOC  OBJECT CODE     LINE SOURCE TEXT
  VALUE

004C   3461 3462 3461 00127       DT "abajo"
       346A 346F 
0051   0AA1           00128       INCF apuntador,F
0052   0008           00129       RETURN
                      00130       ;----------------------------------------------------------------------------------------------
                      00131       ;------------------------Subrutina que genera un retardo de 20 us para el tiempo de adquisición
0053                  00132 DELAY_20_us
0053   3005           00133       MOVLW 0X05
0054   008C           00134       MOVWF DCounter4
0055                  00135 LOOP_0
0055   0B8C           00136       DECFSZ DCounter4, 1
0056   2855           00137       GOTO LOOP_0
0057   0008           00138       RETURN
                      00139       ;----------------------------------------------------------------------------------------------
                      00140       ;------------Subrutina que genera un retardo de 500 ms para el tiempo entre la toma de muestras
0058                  00141 DELAY_500_ms
0058   3054           00142       MOVLW 0X54
0059   008C           00143       MOVWF DCounter1
005A   308A           00144       MOVLW 0X8a
005B   008D           00145       MOVWF DCounter2
005C   3003           00146       MOVLW 0X03
005D   008E           00147       MOVWF DCounter3
005E                  00148 LOOP
005E   0B8C           00149       DECFSZ DCounter1, 1
005F   285E           00150       GOTO LOOP
0060   0B8D           00151       DECFSZ DCounter2, 1
0061   285E           00152       GOTO LOOP
0062   0B8E           00153       DECFSZ DCounter3, 1
0063   285E           00154       GOTO LOOP
0064   0000           00155       NOP
0065   0008           00156       RETURN
                      00157       ;----------------------------------------------------------------------------------------------
                      00158                 END
MPASM  5.51                           CAD.ASM   5-12-2020  19:53:46         PAGE  5


SYMBOL TABLE
  LABEL                             VALUE 

ABDEN                             00000000
ABDOVF                            00000007
ACKDT                             00000005
ACKEN                             00000004
ACKSTAT                           00000006
ADCON0                            0000001F
ADCON1                            0000009F
ADCS0                             00000006
ADCS1                             00000007
ADDEN                             00000003
ADFM                              00000007
ADIE                              00000006
ADIF                              00000006
ADON                              00000000
ADRESH                            0000001E
ADRESL                            0000009E
ANS0                              00000000
ANS1                              00000001
ANS10                             00000002
ANS11                             00000003
ANS12                             00000004
ANS13                             00000005
ANS2                              00000002
ANS3                              00000003
ANS4                              00000004
ANS8                              00000000
ANS9                              00000001
ANSEL                             00000188
ANSELH                            00000189
BAUDCTL                           00000187
BCLIE                             00000003
BCLIF                             00000003
BF                                00000000
BRG0                              00000000
BRG1                              00000001
BRG10                             00000002
BRG11                             00000003
BRG12                             00000004
BRG13                             00000005
BRG14                             00000006
BRG15                             00000007
BRG16                             00000003
BRG2                              00000002
BRG3                              00000003
BRG4                              00000004
BRG5                              00000005
BRG6                              00000006
BRG7                              00000007
BRG8                              00000000
BRG9                              00000001
BRGH                              00000002
C                                 00000000
C1CH0                             00000000
MPASM  5.51                           CAD.ASM   5-12-2020  19:53:46         PAGE  6


SYMBOL TABLE
  LABEL                             VALUE 

C1CH1                             00000001
C1IE                              00000005
C1IF                              00000005
C1OE                              00000005
C1ON                              00000007
C1OUT                             00000006
C1POL                             00000004
C1R                               00000002
C1RSEL                            00000005
C1SEN                             00000005
C2CH0                             00000000
C2CH1                             00000001
C2IE                              00000006
C2IF                              00000006
C2OE                              00000005
C2ON                              00000007
C2OUT                             00000006
C2POL                             00000004
C2R                               00000002
C2REN                             00000004
C2RSEL                            00000004
C2SYNC                            00000000
CCP1CON                           00000017
CCP1IE                            00000002
CCP1IF                            00000002
CCP1M0                            00000000
CCP1M1                            00000001
CCP1M2                            00000002
CCP1M3                            00000003
CCP1X                             00000005
CCP1Y                             00000004
CCP2CON                           0000001D
CCP2IE                            00000000
CCP2IF                            00000000
CCP2M0                            00000000
CCP2M1                            00000001
CCP2M2                            00000002
CCP2M3                            00000003
CCP2X                             00000005
CCP2Y                             00000004
CCPR1                             00000015
CCPR1H                            00000016
CCPR1L                            00000015
CCPR2                             0000001B
CCPR2H                            0000001C
CCPR2L                            0000001B
CHS0                              00000002
CHS1                              00000003
CHS2                              00000004
CHS3                              00000005
CKE                               00000006
CKP                               00000004
CM1CON0                           00000107
MPASM  5.51                           CAD.ASM   5-12-2020  19:53:46         PAGE  7


SYMBOL TABLE
  LABEL                             VALUE 

CM2CON0                           00000108
CM2CON1                           00000109
CONFIG_USART                      0000002D
CREN                              00000004
CSRC                              00000007
D                                 00000005
DATA_ADDRESS                      00000005
DC                                00000001
DC1B0                             00000004
DC1B1                             00000005
DC2B0                             00000004
DC2B1                             00000005
DCounter1                         0000000C
DCounter2                         0000000D
DCounter3                         0000000E
DCounter4                         0000000C
DELAY_20_us                       00000053
DELAY_500_ms                      00000058
D_A                               00000005
D_NOT_A                           00000005
ECCPAS                            0000009C
ECCPAS0                           00000004
ECCPAS1                           00000005
ECCPAS2                           00000006
ECCPASE                           00000007
EEADR                             0000010D
EEADRH                            0000010F
EECON1                            0000018C
EECON2                            0000018D
EEDAT                             0000010C
EEDATA                            0000010C
EEDATH                            0000010E
EEIE                              00000004
EEIF                              00000004
EEPGD                             00000007
ESP                               00000014
ESPERA                            0000003B
F                                 00000001
FERR                              00000002
FSR                               00000004
FVREN                             00000000
GCEN                              00000007
GIE                               00000007
GO                                00000001
GO_DONE                           00000001
GO_NOT_DONE                       00000001
HTS                               00000002
I2C_DATA                          00000005
I2C_READ                          00000002
I2C_START                         00000003
I2C_STOP                          00000004
INDF                              00000000
INTCON                            0000000B
MPASM  5.51                           CAD.ASM   5-12-2020  19:53:46         PAGE  8


SYMBOL TABLE
  LABEL                             VALUE 

INTE                              00000004
INTEDG                            00000006
INTF                              00000001
IOCB                              00000096
IOCB0                             00000000
IOCB1                             00000001
IOCB2                             00000002
IOCB3                             00000003
IOCB4                             00000004
IOCB5                             00000005
IOCB6                             00000006
IOCB7                             00000007
IRCF0                             00000004
IRCF1                             00000005
IRCF2                             00000006
IRP                               00000007
LOOP                              0000005E
LOOP_0                            00000055
LTS                               00000001
MAIN                              00000011
MAYOR                             00000026
MAYOR_IGUAL                       0000001C
MC1OUT                            00000007
MC2OUT                            00000006
MENOR_IGUAL                       0000001F
MSK                               00000093
MSK0                              00000000
MSK1                              00000001
MSK2                              00000002
MSK3                              00000003
MSK4                              00000004
MSK5                              00000005
MSK6                              00000006
MSK7                              00000007
NOT_A                             00000005
NOT_ADDRESS                       00000005
NOT_BO                            00000000
NOT_BOR                           00000000
NOT_DONE                          00000001
NOT_PD                            00000003
NOT_POR                           00000001
NOT_RBPU                          00000007
NOT_RC8                           00000006
NOT_T1SYNC                        00000002
NOT_TO                            00000004
NOT_TX8                           00000006
NOT_W                             00000002
NOT_WRITE                         00000002
OERR                              00000001
OPTION_REG                        00000081
OSCCON                            0000008F
OSCTUNE                           00000090
OSFIE                             00000007
MPASM  5.51                           CAD.ASM   5-12-2020  19:53:46         PAGE  9


SYMBOL TABLE
  LABEL                             VALUE 

OSFIF                             00000007
OSTS                              00000003
P                                 00000004
P1M0                              00000006
P1M1                              00000007
PALABRA_MAYOR                     00000040
PALABRA_MENOR                     0000004A
PCL                               00000002
PCLATH                            0000000A
PCON                              0000008E
PDC0                              00000000
PDC1                              00000001
PDC2                              00000002
PDC3                              00000003
PDC4                              00000004
PDC5                              00000005
PDC6                              00000006
PEIE                              00000006
PEN                               00000002
PIE1                              0000008C
PIE2                              0000008D
PIR1                              0000000C
PIR2                              0000000D
PORTA                             00000005
PORTB                             00000006
PORTC                             00000007
PORTE                             00000009
PR2                               00000092
PRSEN                             00000007
PS0                               00000000
PS1                               00000001
PS2                               00000002
PSA                               00000003
PSSAC0                            00000002
PSSAC1                            00000003
PSSBD0                            00000000
PSSBD1                            00000001
PSTRCON                           0000009D
PULSR                             00000002
PULSS                             00000003
PWM1CON                           0000009B
R                                 00000002
RA0                               00000000
RA1                               00000001
RA2                               00000002
RA3                               00000003
RA4                               00000004
RA5                               00000005
RA6                               00000006
RA7                               00000007
RB0                               00000000
RB1                               00000001
RB2                               00000002
MPASM  5.51                           CAD.ASM   5-12-2020  19:53:46         PAGE 10


SYMBOL TABLE
  LABEL                             VALUE 

RB3                               00000003
RB4                               00000004
RB5                               00000005
RB6                               00000006
RB7                               00000007
RBIE                              00000003
RBIF                              00000000
RC0                               00000000
RC1                               00000001
RC2                               00000002
RC3                               00000003
RC4                               00000004
RC5                               00000005
RC6                               00000006
RC7                               00000007
RC8_9                             00000006
RC9                               00000006
RCD8                              00000000
RCEN                              00000003
RCIDL                             00000006
RCIE                              00000005
RCIF                              00000005
RCREG                             0000001A
RCSTA                             00000018
RD                                00000000
RE3                               00000003
READ_WRITE                        00000002
RP0                               00000005
RP1                               00000006
RSEN                              00000001
RX9                               00000006
RX9D                              00000000
R_NOT_W                           00000002
R_W                               00000002
S                                 00000003
SBOREN                            00000004
SCKP                              00000004
SCS                               00000000
SEN                               00000000
SENDB                             00000003
SMP                               00000007
SPBRG                             00000099
SPBRGH                            0000009A
SPEN                              00000007
SR0                               00000006
SR1                               00000007
SRCON                             00000185
SREN                              00000005
SSPADD                            00000093
SSPBUF                            00000013
SSPCON                            00000014
SSPCON2                           00000091
SSPEN                             00000005
MPASM  5.51                           CAD.ASM   5-12-2020  19:53:46         PAGE 11


SYMBOL TABLE
  LABEL                             VALUE 

SSPIE                             00000003
SSPIF                             00000003
SSPM0                             00000000
SSPM1                             00000001
SSPM2                             00000002
SSPM3                             00000003
SSPMSK                            00000093
SSPOV                             00000006
SSPSTAT                           00000094
STATUS                            00000003
STRA                              00000000
STRB                              00000001
STRC                              00000002
STRD                              00000003
STRSYNC                           00000004
SWDTEN                            00000000
SYNC                              00000004
T0CS                              00000005
T0IE                              00000005
T0IF                              00000002
T0SE                              00000004
T1CKPS0                           00000004
T1CKPS1                           00000005
T1CON                             00000010
T1GINV                            00000007
T1GIV                             00000007
T1GSS                             00000001
T1INSYNC                          00000002
T1OSCEN                           00000003
T1SYNC                            00000002
T2CKPS0                           00000000
T2CKPS1                           00000001
T2CON                             00000012
TMR0                              00000001
TMR0IE                            00000005
TMR0IF                            00000002
TMR1                              0000000E
TMR1CS                            00000001
TMR1GE                            00000006
TMR1H                             0000000F
TMR1IE                            00000000
TMR1IF                            00000000
TMR1L                             0000000E
TMR1ON                            00000000
TMR2                              00000011
TMR2IE                            00000001
TMR2IF                            00000001
TMR2ON                            00000002
TOUTPS0                           00000003
TOUTPS1                           00000004
TOUTPS2                           00000005
TOUTPS3                           00000006
TRANSMITE                         0000003A
MPASM  5.51                           CAD.ASM   5-12-2020  19:53:46         PAGE 12


SYMBOL TABLE
  LABEL                             VALUE 

TRISA                             00000085
TRISA0                            00000000
TRISA1                            00000001
TRISA2                            00000002
TRISA3                            00000003
TRISA4                            00000004
TRISA5                            00000005
TRISA6                            00000006
TRISA7                            00000007
TRISB                             00000086
TRISB0                            00000000
TRISB1                            00000001
TRISB2                            00000002
TRISB3                            00000003
TRISB4                            00000004
TRISB5                            00000005
TRISB6                            00000006
TRISB7                            00000007
TRISC                             00000087
TRISC0                            00000000
TRISC1                            00000001
TRISC2                            00000002
TRISC3                            00000003
TRISC4                            00000004
TRISC5                            00000005
TRISC6                            00000006
TRISC7                            00000007
TRISE                             00000089
TRISE3                            00000003
TRMT                              00000001
TUN0                              00000000
TUN1                              00000001
TUN2                              00000002
TUN3                              00000003
TUN4                              00000004
TX8_9                             00000006
TX9                               00000006
TX9D                              00000000
TXD8                              00000000
TXEN                              00000005
TXIE                              00000004
TXIF                              00000004
TXREG                             00000019
TXSTA                             00000098
UA                                00000001
ULPWUE                            00000005
ULPWUIE                           00000002
ULPWUIF                           00000002
VALOR                             00000020
VCFG0                             00000004
VCFG1                             00000005
VR0                               00000000
VR1                               00000001
MPASM  5.51                           CAD.ASM   5-12-2020  19:53:46         PAGE 13


SYMBOL TABLE
  LABEL                             VALUE 

VR2                               00000002
VR3                               00000003
VRCON                             00000097
VREN                              00000007
VROE                              00000006
VRR                               00000005
VRSS                              00000004
W                                 00000000
WCOL                              00000007
WDTCON                            00000105
WDTPS0                            00000001
WDTPS1                            00000002
WDTPS2                            00000003
WDTPS3                            00000004
WPUB                              00000095
WPUB0                             00000000
WPUB1                             00000001
WPUB2                             00000002
WPUB3                             00000003
WPUB4                             00000004
WPUB5                             00000005
WPUB6                             00000006
WPUB7                             00000007
WR                                00000001
WREN                              00000002
WRERR                             00000003
WUE                               00000001
Z                                 00000002
_BOR21V                           00003EFF
_BOR40V                           00003FFF
_BOR4V_BOR21V                     00003EFF
_BOR4V_BOR40V                     00003FFF
_BOREN_NSLEEP                     00003EFF
_BOREN_OFF                        00003CFF
_BOREN_ON                         00003FFF
_BOREN_SBODEN                     00003DFF
_BOR_NSLEEP                       00003EFF
_BOR_OFF                          00003CFF
_BOR_ON                           00003FFF
_BOR_SBODEN                       00003DFF
_CONFIG1                          00002007
_CONFIG2                          00002008
_CPD_OFF                          00003FFF
_CPD_ON                           00003F7F
_CP_OFF                           00003FFF
_CP_ON                            00003FBF
_DEBUG_OFF                        00003FFF
_DEBUG_ON                         00001FFF
_DEVID1                           00002006
_EC_OSC                           00003FFB
_EXTRC                            00003FFF
_EXTRCIO                          00003FFE
_EXTRC_OSC_CLKOUT                 00003FFF
MPASM  5.51                           CAD.ASM   5-12-2020  19:53:46         PAGE 14


SYMBOL TABLE
  LABEL                             VALUE 

_EXTRC_OSC_NOCLKOUT               00003FFE
_FCMEN_OFF                        000037FF
_FCMEN_ON                         00003FFF
_FOSC_EC                          00003FFB
_FOSC_EXTRC_CLKOUT                00003FFF
_FOSC_EXTRC_NOCLKOUT              00003FFE
_FOSC_HS                          00003FFA
_FOSC_INTRC_CLKOUT                00003FFD
_FOSC_INTRC_NOCLKOUT              00003FFC
_FOSC_LP                          00003FF8
_FOSC_XT                          00003FF9
_HS_OSC                           00003FFA
_IDLOC0                           00002000
_IDLOC1                           00002001
_IDLOC2                           00002002
_IDLOC3                           00002003
_IESO_OFF                         00003BFF
_IESO_ON                          00003FFF
_INTOSC                           00003FFD
_INTOSCIO                         00003FFC
_INTRC_OSC_CLKOUT                 00003FFD
_INTRC_OSC_NOCLKOUT               00003FFC
_LP_OSC                           00003FF8
_LVP_OFF                          00002FFF
_LVP_ON                           00003FFF
_MCLRE_OFF                        00003FDF
_MCLRE_ON                         00003FFF
_PWRTE_OFF                        00003FFF
_PWRTE_ON                         00003FEF
_WDTE_OFF                         00003FF7
_WDTE_ON                          00003FFF
_WDT_OFF                          00003FF7
_WDT_ON                           00003FFF
_WRT_1FOURTH                      00003BFF
_WRT_256                          00003DFF
_WRT_HALF                         000039FF
_WRT_OFF                          00003FFF
_XT_OSC                           00003FF9
__16F877A                         00000001
apuntador                         00000021
d1                                00000024
d2                                00000025
d3                                00000026
d4                                00000027
tam                               00000023
MPASM  5.51                           CAD.ASM   5-12-2020  19:53:46         PAGE 15


MEMORY USAGE MAP ('X' = Used,  '-' = Unused)


0000 : -----XXXXXXXXXXX XXXXXXXXXXXXXXXX XXXXXXXXXXXXXXXX XXXXXXXXXXXXXXXX
0040 : XXXXXXXXXXXXXXXX XXXXXXXXXXXXXXXX XXXXXX---------- ----------------

All other memory blocks unused.

Program Memory Words Used:    97
Program Memory Words Free:  8095


Errors   :     0
Warnings :     8 reported,     0 suppressed
Messages :    14 reported,     0 suppressed

