
ROM used: 389 (5%)
          389 (5%) including unused fragments

          1 Average locations per line
          5 Average locations per statement

RAM used: 7 (2%) at main() level
          23 (6%) worst case

Stack used: 4 worst case (out of 8 total available)

Lines Stmts  %   Files
----- ----- ---  -----
   40    13  16  proyecto.c
  326     0   0  ..\..\..\..\..\..\Program Files (x86)\PICC\devices\16F877A.h
  348    67  84  ..\..\..\..\..\..\Program Files (x86)\PICC\drivers\lcd.c
----- -----
  714    80 Total

Page ROM  %  RAM   Vol Diff  Functions:
---- --- --- ---   --- ----  ----------
 Inline        1             @delay_ms1
0      8   2   0             @const76
 Inline        3   587  6.0  lcd_read_byte
0      6   2   0    59  4.2  lcd_read_nibble
0     11   3   1   172  3.4  lcd_send_nibble
0     58  15   3   317  4.3  lcd_send_byte
0     61  16   2   624  5.8  lcd_init
 Inline        4   186  5.5  lcd_gotoxy
0     54  14   1   272  4.1  lcd_putc
0     63  16   0   200  2.2  MAIN
0     21   5   3             @DIV88
0    103  26   6             @PRINTF_D_93

Program metrics:
    Functions               8
    Statements              80
    Comments                163
    Volume (V)              3722
    Difficilty (D)          34.3
    Effort to implement (E) 127664
    Time to implement (T)   1 hours, 58 minutes
    Est Delivered Bugs (B)  1
    Cyclomatic Complexity   7
    Maintainability (MI)    134

 Segment     Used  Free
-----------  ----  ----
00000-00003     4  0  
00004-007FF   385  1659  
00800-00FFF     0  2048  
01000-017FF     0  2048  
01800-01FFF     0  2048  



